-------------------------------------------------------------------------------
Test set: TestSuite
-------------------------------------------------------------------------------
Tests run: 2, Failures: 1, Errors: 0, Skipped: 0, Time elapsed: 17.009 s <<< FAILURE! - in TestSuite
$spock_feature_1_1 on $spock_feature_1_1(TransactionIntegrationsTest)(TransactionIntegrationsTest)  Time elapsed: 0.267 s  <<< FAILURE!
org.spockframework.runtime.ConditionFailedWithExceptionError: 
Condition failed with Exception:

getResponse.body.userId.get(0) == userId as Integer
|           |    |      |         |
|           |    |      11        ""
|           |    [11, 41329090, 188, 3057, 0, 4250, 70934096, 82, 1783, 99433802, 263788134, 0, 81300210, 5358741, 570, 76724, 56, 0, 851325, 97, 0, 0]
|           [[amount:-0.3020759188365266, currency:null, executionTime:null, purchaseDescription:Starbucks, id:54, userId:11], [amount:-0.2174053862608537, currency:null, executionTime:null, purchaseDescription:Amazon, id:81623527, userId:41329090], [amount:-0.07689107719363908, currency:null, executionTime:null, purchaseDescription:McDonald's, id:2678, userId:188], [amount:-0.8386540821671982, currency:null, executionTime:null, purchaseDescription:McDonald's, id:9692, userId:3057], [amount:-0.9768739927220221, currency:null, executionTime:null, purchaseDescription:Walmart, id:0, userId:0], [amount:-0.9531052751820948, currency:null, executionTime:null, purchaseDescription:Amazon, id:9077, userId:4250], [amount:0.3234592076093048, currency:null, executionTime:null, purchaseDescription:Salary, id:16241000, userId:70934096], [amount:-0.5744791160615094, currency:null, executionTime:null, purchaseDescription:Papa Joe's, id:49, userId:82], [amount:0.81004335124975, currency:null, executionTime:null, purchaseDescription:Salary, id:7773, userId:1783], [amount:-0.5567775307579087, currency:null, executionTime:null, purchaseDescription:Apple Itunes, id:64332579, userId:99433802], [amount:-0.25798120489744447, currency:null, executionTime:null, purchaseDescription:Amazon, id:236165999, userId:263788134], [amount:-0.2763853021918218, currency:null, executionTime:null, purchaseDescription:Apple Itunes, id:0, userId:0], [amount:0.5228225221333097, currency:null, executionTime:null, purchaseDescription:Salary, id:22682797, userId:81300210], [amount:-0.9364970092442675, currency:null, executionTime:null, purchaseDescription:Papa Joe's, id:7183983, userId:5358741], [amount:-0.671254338228913, currency:null, executionTime:null, purchaseDescription:Amazon, id:708, userId:570], [amount:-0.10743274559253524, currency:null, executionTime:null, purchaseDescription:Walmart, id:23900, userId:76724], [amount:-0.3566715117276321, currency:null, executionTime:null, purchaseDescription:Starbucks, id:19, userId:56], [amount:-0.2858063160039388, currency:null, executionTime:null, purchaseDescription:Apple Itunes, id:5, userId:0], [amount:-0.06346600108378486, currency:null, executionTime:1566065578987, purchaseDescription:Starbucks, id:687597, userId:851325], [amount:-0.5476085653486973, currency:null, executionTime:1566065580173, purchaseDescription:Papa Joe's, id:81, userId:97], [amount:-0.9479647580357901, currency:null, executionTime:1566065646702, purchaseDescription:Amazon, id:0, userId:0], [amount:0.45567169986012246, currency:null, executionTime:1566065647819, purchaseDescription:Salary, id:0, userId:0]]
<200,[{amount=-0.3020759188365266, currency=null, executionTime=null, purchaseDescription=Starbucks, id=54, userId=11}, {amount=-0.2174053862608537, currency=null, executionTime=null, purchaseDescription=Amazon, id=81623527, userId=41329090}, {amount=-0.07689107719363908, currency=null, executionTime=null, purchaseDescription=McDonald's, id=2678, userId=188}, {amount=-0.8386540821671982, currency=null, executionTime=null, purchaseDescription=McDonald's, id=9692, userId=3057}, {amount=-0.9768739927220221, currency=null, executionTime=null, purchaseDescription=Walmart, id=0, userId=0}, {amount=-0.9531052751820948, currency=null, executionTime=null, purchaseDescription=Amazon, id=9077, userId=4250}, {amount=0.3234592076093048, currency=null, executionTime=null, purchaseDescription=Salary, id=16241000, userId=70934096}, {amount=-0.5744791160615094, currency=null, executionTime=null, purchaseDescription=Papa Joe's, id=49, userId=82}, {amount=0.81004335124975, currency=null, executionTime=null, purchaseDescription=Salary, id=7773, userId=1783}, {amount=-0.5567775307579087, currency=null, executionTime=null, purchaseDescription=Apple Itunes, id=64332579, userId=99433802}, {amount=-0.25798120489744447, currency=null, executionTime=null, purchaseDescription=Amazon, id=236165999, userId=263788134}, {amount=-0.2763853021918218, currency=null, executionTime=null, purchaseDescription=Apple Itunes, id=0, userId=0}, {amount=0.5228225221333097, currency=null, executionTime=null, purchaseDescription=Salary, id=22682797, userId=81300210}, {amount=-0.9364970092442675, currency=null, executionTime=null, purchaseDescription=Papa Joe's, id=7183983, userId=5358741}, {amount=-0.671254338228913, currency=null, executionTime=null, purchaseDescription=Amazon, id=708, userId=570}, {amount=-0.10743274559253524, currency=null, executionTime=null, purchaseDescription=Walmart, id=23900, userId=76724}, {amount=-0.3566715117276321, currency=null, executionTime=null, purchaseDescription=Starbucks, id=19, userId=56}, {amount=-0.2858063160039388, currency=null, executionTime=null, purchaseDescription=Apple Itunes, id=5, userId=0}, {amount=-0.06346600108378486, currency=null, executionTime=1566065578987, purchaseDescription=Starbucks, id=687597, userId=851325}, {amount=-0.5476085653486973, currency=null, executionTime=1566065580173, purchaseDescription=Papa Joe's, id=81, userId=97}, {amount=-0.9479647580357901, currency=null, executionTime=1566065646702, purchaseDescription=Amazon, id=0, userId=0}, {amount=0.45567169986012246, currency=null, executionTime=1566065647819, purchaseDescription=Salary, id=0, userId=0}],[Date:"Sat, 17 Aug 2019 18:14:07 GMT", Content-Type:"application/json;charset=utf-8", Transfer-Encoding:"chunked"]>

	at TransactionIntegrationsTest.$spock_feature_1_1(TransactionIntegrationsTest.groovy:62)
Caused by: java.lang.NumberFormatException: For input string: ""
	at TransactionIntegrationsTest.$spock_feature_1_1(TransactionIntegrationsTest.groovy:62)

