<?xml version="1.0" encoding="UTF-8"?>
<!-- Generated by org.testng.reporters.JUnitXMLReporter -->
<testsuite hostname="Ferhats-MacBook-Pro.local" ignored="0" tests="4" failures="0" timestamp="03 Sep 2019 10:21:21 GMT" time="13.561" errors="0">
  <testcase name="$spock_feature_1_0 on $spock_feature_1_0(SavingsIntegrationsTest)" time="13.056" classname="SavingsIntegrationsTest"/>
  <testcase name="$spock_feature_1_1 on $spock_feature_1_1(SavingsIntegrationsTest)" time="13.115" classname="SavingsIntegrationsTest"/>
  <testcase name="$spock_feature_1_2 on $spock_feature_1_2(SavingsIntegrationsTest)" time="13.178" classname="SavingsIntegrationsTest"/>
  <testcase name="$spock_feature_1_3 on $spock_feature_1_3(SavingsIntegrationsTest)" time="13.222" classname="SavingsIntegrationsTest"/>
</testsuite>
