<?xml version="1.0" encoding="UTF-8"?>
<!-- Generated by org.testng.reporters.JUnitXMLReporter -->
<testsuite hostname="Ferhats-MacBook-Pro.local" ignored="0" tests="4" failures="0" timestamp="03 Sep 2019 13:06:04 GMT" time="19.058" errors="0">
  <testcase name="$spock_feature_1_0 on $spock_feature_1_0(SavingsIntegrationsTest)" time="18.38" classname="SavingsIntegrationsTest"/>
  <testcase name="$spock_feature_1_1 on $spock_feature_1_1(SavingsIntegrationsTest)" time="18.448" classname="SavingsIntegrationsTest"/>
  <testcase name="$spock_feature_1_2 on $spock_feature_1_2(SavingsIntegrationsTest)" time="18.516" classname="SavingsIntegrationsTest"/>
  <testcase name="$spock_feature_1_3 on $spock_feature_1_3(SavingsIntegrationsTest)" time="18.565" classname="SavingsIntegrationsTest"/>
</testsuite>
