<?xml version="1.0" encoding="UTF-8"?>
<testng-results skipped="0" failed="0" ignored="0" total="4" passed="4">
  <reporter-output>
  </reporter-output>
  <suite name="Surefire suite" duration-ms="19058" started-at="2019-09-03T13:05:45Z" finished-at="2019-09-03T13:06:04Z">
    <groups>
    </groups>
    <test name="Surefire test" duration-ms="19058" started-at="2019-09-03T13:05:45Z" finished-at="2019-09-03T13:06:04Z">
      <class name="SavingsIntegrationsTest">
        <test-method status="PASS" signature="$spock_feature_1_0(SavingsIntegrationsTest)" name="$spock_feature_1_0" duration-ms="18380" started-at="2019-09-03T13:05:46Z" finished-at="2019-09-03T13:06:04Z">
          <reporter-output>
          </reporter-output>
        </test-method> <!-- $spock_feature_1_0 -->
        <test-method status="PASS" signature="$spock_feature_1_1(SavingsIntegrationsTest)" name="$spock_feature_1_1" duration-ms="18448" started-at="2019-09-03T13:05:46Z" finished-at="2019-09-03T13:06:04Z">
          <reporter-output>
          </reporter-output>
        </test-method> <!-- $spock_feature_1_1 -->
        <test-method status="PASS" signature="$spock_feature_1_2(SavingsIntegrationsTest)" name="$spock_feature_1_2" duration-ms="18516" started-at="2019-09-03T13:05:46Z" finished-at="2019-09-03T13:06:04Z">
          <reporter-output>
          </reporter-output>
        </test-method> <!-- $spock_feature_1_2 -->
        <test-method status="PASS" signature="$spock_feature_1_3(SavingsIntegrationsTest)" name="$spock_feature_1_3" duration-ms="18565" started-at="2019-09-03T13:05:46Z" finished-at="2019-09-03T13:06:04Z">
          <reporter-output>
          </reporter-output>
        </test-method> <!-- $spock_feature_1_3 -->
      </class> <!-- SavingsIntegrationsTest -->
    </test> <!-- Surefire test -->
  </suite> <!-- Surefire suite -->
</testng-results>
