<?xml version="1.0" encoding="UTF-8"?>
<testsuite xmlns:xsi="http://www.w3.org/2001/XMLSchema-instance" xsi:noNamespaceSchemaLocation="https://maven.apache.org/surefire/maven-surefire-plugin/xsd/surefire-test-report.xsd" name="TestSuite" time="13.247" tests="4" errors="0" skipped="0" failures="0">
  <properties>
[...]
</properties>
  <testcase name="$spock_feature_1_0 on $spock_feature_1_0(SavingsIntegrationsTest)" classname="SavingsIntegrationsTest" time="0.666"/>
  <testcase name="$spock_feature_1_1 on $spock_feature_1_1(SavingsIntegrationsTest)" classname="SavingsIntegrationsTest" time="0.059"/>
  <testcase name="$spock_feature_1_2 on $spock_feature_1_2(SavingsIntegrationsTest)" classname="SavingsIntegrationsTest" time="0.06"/>
  <testcase name="$spock_feature_1_3 on $spock_feature_1_3(SavingsIntegrationsTest)" classname="SavingsIntegrationsTest" time="0.047"/>
</testsuite>