<?xml version="1.0" encoding="UTF-8"?>
<!-- Generated by org.testng.reporters.JUnitXMLReporter -->
<testsuite hostname="Ferhats-MacBook-Pro.local" ignored="0" tests="2" failures="0" timestamp="21 Aug 2019 07:54:00 GMT" time="18.944" errors="0">
  <testcase name="$spock_feature_1_0 on $spock_feature_1_0(TransactionIntegrationsTest)" time="18.069" classname="TransactionIntegrationsTest"/>
  <testcase name="$spock_feature_1_1 on $spock_feature_1_1(TransactionIntegrationsTest)" time="18.194" classname="TransactionIntegrationsTest"/>
</testsuite>
