<?xml version="1.0" encoding="UTF-8"?>
<!-- Generated by org.testng.reporters.JUnitXMLReporter -->
<testsuite hostname="Ferhats-MacBook-Pro.local" ignored="0" tests="2" failures="0" timestamp="18 Aug 2019 16:03:22 GMT" time="18.559" errors="0">
  <testcase name="$spock_feature_1_0 on $spock_feature_1_0(TransactionIntegrationsTest)" time="17.595" classname="TransactionIntegrationsTest"/>
  <testcase name="$spock_feature_1_1 on $spock_feature_1_1(TransactionIntegrationsTest)" time="17.712" classname="TransactionIntegrationsTest"/>
</testsuite>
